\BOOKMARK [1][-]{section.1}{\376\377\000\111\000\156\000\164\000\162\000\157\000\144\000\165\000\143\000\164\000\151\000\157\000\156}{}% 1
\BOOKMARK [1][-]{section.2}{\376\377\000\122\000\145\000\143\000\145\000\156\000\164\000\040\000\167\000\157\000\162\000\153}{}% 2
\BOOKMARK [1][-]{section.3}{\376\377\000\116\000\157\000\164\000\141\000\164\000\151\000\157\000\156}{}% 3
\BOOKMARK [1][-]{section.4}{\376\377\000\120\000\162\000\157\000\142\000\154\000\145\000\155\000\040\000\144\000\145\000\163\000\143\000\162\000\151\000\160\000\164\000\151\000\157\000\156}{}% 4
\BOOKMARK [1][-]{section.5}{\376\377\000\107\000\145\000\156\000\145\000\162\000\151\000\143\000\040\000\146\000\145\000\141\000\163\000\151\000\142\000\151\000\154\000\151\000\164\000\171\000\055\000\142\000\141\000\163\000\145\000\144\000\040\000\150\000\145\000\165\000\162\000\151\000\163\000\164\000\151\000\143\000\040\000\163\000\143\000\150\000\145\000\155\000\145}{}% 5
\BOOKMARK [2][-]{subsection.5.1}{\376\377\000\123\000\164\000\141\000\164\000\145\000\040\000\141\000\156\000\144\000\040\000\163\000\164\000\141\000\164\000\145\000\040\000\146\000\145\000\141\000\163\000\151\000\142\000\151\000\154\000\151\000\164\000\171}{section.5}% 6
\BOOKMARK [2][-]{subsection.5.2}{\376\377\000\106\000\145\000\141\000\163\000\151\000\142\000\151\000\154\000\151\000\164\000\171\000\055\000\142\000\141\000\163\000\145\000\144\000\040\000\150\000\145\000\165\000\162\000\151\000\163\000\164\000\151\000\143}{section.5}% 7
\BOOKMARK [2][-]{subsection.5.3}{\376\377\000\111\000\156\000\151\000\164\000\151\000\141\000\154\000\151\000\172\000\141\000\164\000\151\000\157\000\156}{section.5}% 8
\BOOKMARK [2][-]{subsection.5.4}{\376\377\000\126\000\141\000\154\000\151\000\144\000\040\000\164\000\141\000\163\000\153}{section.5}% 9
\BOOKMARK [1][-]{section.6}{\376\377\000\101\000\166\000\141\000\151\000\154\000\141\000\142\000\154\000\145\000\040\000\164\000\145\000\143\000\150\000\156\000\151\000\161\000\165\000\145\000\163}{}% 10
\BOOKMARK [2][-]{subsection.6.1}{\376\377\000\103\000\157\000\156\000\164\000\141\000\151\000\156\000\145\000\162\000\040\000\163\000\164\000\141\000\142\000\151\000\154\000\151\000\164\000\171}{section.6}% 11
\BOOKMARK [2][-]{subsection.6.2}{\376\377\000\124\000\162\000\151\000\143\000\153\000\171\000\040\000\163\000\164\000\141\000\164\000\145\000\040\000\141\000\166\000\157\000\151\000\144\000\141\000\156\000\143\000\145}{section.6}% 12
\BOOKMARK [2][-]{subsection.6.3}{\376\377\000\102\000\157\000\164\000\164\000\157\000\155\000\040\000\164\000\151\000\145\000\162\000\163\000\040\000\160\000\162\000\157\000\164\000\145\000\143\000\164\000\151\000\157\000\156}{section.6}% 13
\BOOKMARK [2][-]{subsection.6.4}{\376\377\000\123\000\160\000\145\000\145\000\144\000\171\000\040\000\164\000\141\000\163\000\153\000\040\000\141\000\143\000\143\000\157\000\155\000\160\000\154\000\151\000\163\000\150\000\155\000\145\000\156\000\164\000\040\000\160\000\162\000\157\000\143\000\145\000\144\000\165\000\162\000\145}{section.6}% 14
\BOOKMARK [3][-]{subsubsection.6.4.1}{\376\377\000\103\000\157\000\155\000\155\000\157\000\156\000\040\000\146\000\165\000\156\000\143\000\164\000\151\000\157\000\156\000\163}{subsection.6.4}% 15
\BOOKMARK [3][-]{subsubsection.6.4.2}{\376\377\000\125\000\163\000\145\000\162\000\055\000\144\000\145\000\146\000\151\000\156\000\145\000\144\000\040\000\146\000\165\000\156\000\143\000\164\000\151\000\157\000\156\000\163}{subsection.6.4}% 16
\BOOKMARK [3][-]{subsubsection.6.4.3}{\376\377\000\124\000\141\000\163\000\153\000\040\000\164\000\171\000\160\000\145\000\163}{subsection.6.4}% 17
\BOOKMARK [3][-]{subsubsection.6.4.4}{\376\377\000\111\000\155\000\155\000\145\000\144\000\151\000\141\000\164\000\145\000\040\000\164\000\141\000\163\000\153}{subsection.6.4}% 18
\BOOKMARK [3][-]{subsubsection.6.4.5}{\376\377\000\111\000\156\000\164\000\145\000\162\000\156\000\141\000\154\000\040\000\164\000\141\000\163\000\153}{subsection.6.4}% 19
\BOOKMARK [3][-]{subsubsection.6.4.6}{\376\377\000\105\000\170\000\164\000\145\000\162\000\156\000\141\000\154\000\040\000\164\000\141\000\163\000\153}{subsection.6.4}% 20
\BOOKMARK [3][-]{subsubsection.6.4.7}{\376\377\000\122\000\145\000\147\000\162\000\145\000\163\000\163\000\151\000\157\000\156\000\040\000\151\000\163\000\163\000\165\000\145}{subsection.6.4}% 21
\BOOKMARK [1][-]{section.7}{\376\377\000\107\000\162\000\145\000\145\000\144\000\171\000\040\000\141\000\156\000\144\000\040\000\163\000\160\000\145\000\145\000\144\000\171\000\040\000\150\000\145\000\165\000\162\000\151\000\163\000\164\000\151\000\143}{}% 22
\BOOKMARK [1][-]{section.8}{\376\377\000\103\000\157\000\155\000\160\000\165\000\164\000\141\000\164\000\151\000\157\000\156\000\141\000\154\000\040\000\162\000\145\000\163\000\165\000\154\000\164\000\163}{}% 23
\BOOKMARK [2][-]{subsection.8.1}{\376\377\000\122\000\145\000\163\000\165\000\154\000\164\000\163\000\040\000\146\000\157\000\162\000\040\000\103\000\126\000\123\000\040\000\151\000\156\000\163\000\164\000\141\000\156\000\143\000\145\000\163}{section.8}% 24
\BOOKMARK [2][-]{subsection.8.2}{\376\377\000\122\000\145\000\163\000\165\000\154\000\164\000\163\000\040\000\146\000\157\000\162\000\040\000\102\000\106\000\040\000\151\000\156\000\163\000\164\000\141\000\156\000\143\000\145\000\163}{section.8}% 25
\BOOKMARK [1][-]{section.9}{\376\377\000\103\000\157\000\156\000\143\000\154\000\165\000\163\000\151\000\157\000\156\000\163}{}% 26
