\BOOKMARK [1][-]{section.1}{Introduction}{}% 1
\BOOKMARK [1][-]{section.2}{Recent work}{}% 2
\BOOKMARK [1][-]{section.3}{Notation}{}% 3
\BOOKMARK [1][-]{section.4}{Problem description}{}% 4
\BOOKMARK [1][-]{section.5}{Generic feasibility-based heuristic scheme}{}% 5
\BOOKMARK [2][-]{subsection.5.1}{State and state feasibility}{section.5}% 6
\BOOKMARK [2][-]{subsection.5.2}{Feasibility-based heuristic}{section.5}% 7
\BOOKMARK [2][-]{subsection.5.3}{Initialization}{section.5}% 8
\BOOKMARK [2][-]{subsection.5.4}{Valid task}{section.5}% 9
\BOOKMARK [1][-]{section.6}{Available techniques}{}% 10
\BOOKMARK [2][-]{subsection.6.1}{Container stability}{section.6}% 11
\BOOKMARK [2][-]{subsection.6.2}{Tricky state avoidance}{section.6}% 12
\BOOKMARK [2][-]{subsection.6.3}{Bottom tiers protection}{section.6}% 13
\BOOKMARK [2][-]{subsection.6.4}{Speedy task accomplishment procedure}{section.6}% 14
\BOOKMARK [3][-]{subsubsection.6.4.1}{Common functions}{subsection.6.4}% 15
\BOOKMARK [3][-]{subsubsection.6.4.2}{User-defined functions}{subsection.6.4}% 16
\BOOKMARK [3][-]{subsubsection.6.4.3}{Task types}{subsection.6.4}% 17
\BOOKMARK [3][-]{subsubsection.6.4.4}{Immediate task}{subsection.6.4}% 18
\BOOKMARK [3][-]{subsubsection.6.4.5}{Internal task}{subsection.6.4}% 19
\BOOKMARK [3][-]{subsubsection.6.4.6}{External task}{subsection.6.4}% 20
\BOOKMARK [3][-]{subsubsection.6.4.7}{Regression issue}{subsection.6.4}% 21
\BOOKMARK [1][-]{section.7}{Greedy and speedy heuristic}{}% 22
\BOOKMARK [1][-]{section.8}{Computational results}{}% 23
\BOOKMARK [2][-]{subsection.8.1}{Results for CVS instances}{section.8}% 24
\BOOKMARK [2][-]{subsection.8.2}{Results for BF instances}{section.8}% 25
\BOOKMARK [1][-]{section.9}{Conclusions}{}% 26
